<?xml version="1.0" encoding="UTF-8"?>
<!-- Generated by org.testng.reporters.JUnitReportReporter -->
<testsuite hostname="HCL-PC" failures="0" tests="1" name="Page.Page2" time="64.641" errors="0" timestamp="2022-09-27T15:51:06 IST" skipped="0">
  <testcase classname="Page.Page2" name="f" time="64.641"/>
  <system-out/>
</testsuite> <!-- Page.Page2 -->
