<?xml version="1.0" encoding="UTF-8"?>
<!-- Generated by org.testng.reporters.JUnitReportReporter -->
<testsuite hostname="HCL-PC" failures="0" tests="1" name="Login.FirstLogin2" time="36.398" errors="0" timestamp="2022-09-26T15:51:11 IST" skipped="0">
  <testcase classname="Login.FirstLogin2" name="Signin" time="36.398"/>
  <system-out/>
</testsuite> <!-- Login.FirstLogin2 -->
